[31мая2026 19:25:08.366] [main/INFO] [net.neoforged.fml.startup.Entrypoint/]: JVM Uptime at startup: 82ms
[31мая2026 19:25:08.374] [main/INFO] [net.neoforged.fml.loading.FMLLoader/]: Starting FancyModLoader version 11.0.13 (DEDICATED_SERVER in PROD)
[31мая2026 19:25:08.375] [main/INFO] [net.neoforged.fml.loading.FMLLoader/]: Game directory: C:\FoliaNeoForge\NeoFolia\server
[31мая2026 19:25:08.419] [main/INFO] [net.neoforged.fml.loading.EarlyServiceDiscovery/]: Found 2 early service jars (out of 67) in 17ms
[31мая2026 19:25:08.420] [main/INFO] [net.neoforged.fml.loading.FMLLoader/]: Loading FML Early Services:
[31мая2026 19:25:08.420] [main/INFO] [net.neoforged.fml.loading.FMLLoader/]:  - libraries/net/neoforged/fancymodloader/loader/11.0.13/loader-11.0.13.jar
[31мая2026 19:25:08.421] [main/INFO] [net.neoforged.fml.loading.FMLLoader/]:  - libraries/net/neoforged/fancymodloader/earlydisplay/11.0.13/earlydisplay-11.0.13.jar
[31мая2026 19:25:08.426] [main/INFO] [net.neoforged.fml.loading.ImmediateWindowHandler/]: Not loading early display in headless mode.
[31мая2026 19:25:08.442] [main/INFO] [net.neoforged.fml.loading.moddiscovery.locators.GameLocator/]: Failed to find common Minecraft classes and resources on the classpath. Assuming we're launching production.
[31мая2026 19:25:08.646] [main/INFO] [net.neoforged.fml.loading.moddiscovery.locators.JarInJarDependencyLocator/]: Found 2 dependencies adding them to mods collection
[31мая2026 19:25:08.649] [main/INFO] [net.neoforged.fml.loading.moddiscovery.ModDiscoverer/]: 
     Mod List:
		Name Version (Mod Id)

		Minecraft 26.1.2 (minecraft)
		NeoForge 26.1.2.67-neofolia (neoforge)
[31мая2026 19:25:08.769] [main/INFO] [mixin/]: SpongePowered MIXIN Subsystem Version=0.8.7 Source=file:/C:/FoliaNeoForge/NeoFolia/server/libraries/net/fabricmc/sponge-mixin/0.17.3+mixin.0.8.7/sponge-mixin-0.17.3+mixin.0.8.7.jar Service=FML Env=SERVER
[31мая2026 19:25:08.796] [main/INFO] [net.neoforged.fml.loading.FMLLoader/]: Loading FML Plugins:
[31мая2026 19:25:08.796] [main/INFO] [net.neoforged.fml.loading.FMLLoader/]:  - ~libraries/net/neoforged/neoforge/26.1.2.67-neofolia/neoforge-26.1.2.67-neofolia-universal.jar > net.neoforged.neoforge-coremods-26.1.2.67-neofolia.jar
[31мая2026 19:25:08.932] [main/INFO] [net.neoforged.fml.loading.FMLLoader/]: Building game content classloader:
 - minecraft (jar(~libraries/net/neoforged/minecraft-server-patched/26.1.2.67-neofolia/minecraft-server-patched-26.1.2.67-neofolia.jar))
 - mixinextras.neoforge (jar(~libraries/net/neoforged/neoforge/26.1.2.67-neofolia/neoforge-26.1.2.67-neofolia-universal.jar > mixinextras-neoforge-0.5.4.jar))
 - neoforge (jar(~libraries/net/neoforged/neoforge/26.1.2.67-neofolia/neoforge-26.1.2.67-neofolia-universal.jar))
 - net.neoforged.fml.generated (empty(VirtualJar/net.neoforged.fml.generated))
[31мая2026 19:25:08.954] [main/INFO] [net.neoforged.fml.loading.FMLLoader/]: Built game content classloader in 39ms
[31мая2026 19:25:09.868] [main/INFO] [MixinExtras|Service/]: Initializing MixinExtras via com.llamalad7.mixinextras.service.MixinExtrasServiceImpl(version=0.5.4).
[31мая2026 19:25:14.547] [modloading-worker-0/INFO] [net.neoforged.neoforge.common.NeoForgeMod/NEOFORGE-MOD]: NeoForge mod loading, version 26.1.2.67-neofolia, for MC 26.1.2
[31мая2026 19:25:14.938] [main/INFO] [com.mojang.authlib.yggdrasil.YggdrasilAuthenticationService/]: Environment: Environment[sessionHost=https://sessionserver.mojang.com, servicesHost=https://api.minecraftservices.com, profilesHost=https://api.mojang.com, name=PROD]
[31мая2026 19:25:16.622] [main/INFO] [net.minecraft.world.item.crafting.RecipeManager/]: Loaded 1515 recipes
[31мая2026 19:25:16.632] [main/INFO] [net.minecraft.advancements.AdvancementTree/]: Loaded 1617 advancements
[31мая2026 19:25:16.634] [main/INFO] [net.neoforged.neoforge.common.crafting.RecipePriorityManager/]: Loaded 0 recipe priority overrides
[31мая2026 19:25:16.755] [Server thread/INFO] [net.minecraft.server.dedicated.DedicatedServer/]: Starting minecraft server version 26.1.2
[31мая2026 19:25:16.755] [Server thread/INFO] [net.minecraft.server.dedicated.DedicatedServer/]: Loading properties
[31мая2026 19:25:16.755] [Server thread/INFO] [net.minecraft.server.dedicated.DedicatedServer/]: Default game type: SURVIVAL
[31мая2026 19:25:16.755] [Server thread/INFO] [net.minecraft.server.MinecraftServer/]: Generating keypair
[31мая2026 19:25:16.820] [Server thread/INFO] [net.minecraft.server.dedicated.DedicatedServer/]: Starting Minecraft server on *:25565
[31мая2026 19:25:16.911] [Server thread/WARN] [net.minecraft.server.dedicated.DedicatedServer/]: **** SERVER IS RUNNING IN OFFLINE/INSECURE MODE!
[31мая2026 19:25:16.911] [Server thread/WARN] [net.minecraft.server.dedicated.DedicatedServer/]: The server will make no attempt to authenticate usernames. Beware.
[31мая2026 19:25:16.912] [Server thread/WARN] [net.minecraft.server.dedicated.DedicatedServer/]: While this makes the game possible to play without internet access, it also opens up the ability for hackers to connect with any username they choose.
[31мая2026 19:25:16.912] [Server thread/WARN] [net.minecraft.server.dedicated.DedicatedServer/]: To change this, set "online-mode" to "true" in the server.properties file.
[31мая2026 19:25:16.969] [Server thread/INFO] [net.minecraft.server.dedicated.DedicatedServer/]: Preparing level "world"
[31мая2026 19:25:17.286] [Server thread/INFO] [net.minecraft.server.level.progress.LoggingLevelLoadListener/]: Loading 0 persistent chunks...
[31мая2026 19:25:17.287] [Server thread/INFO] [net.minecraft.server.level.progress.LoggingLevelLoadListener/]: Preparing spawn area: 100%
[31мая2026 19:25:17.298] [Server thread/INFO] [net.minecraft.server.level.progress.LoggingLevelLoadListener/]: Time elapsed: 12 ms
[31мая2026 19:25:17.298] [Server thread/INFO] [net.minecraft.server.dedicated.DedicatedServer/]: Done (0.370s)! For help, type "help"
[31мая2026 19:25:17.305] [Server thread/INFO] [net.minecraft.server.MinecraftServer/]: Saving chunks for level 'ServerLevel[world]'/minecraft:overworld
[31мая2026 19:25:17.383] [Server thread/INFO] [net.minecraft.server.MinecraftServer/]: Saving chunks for level 'ServerLevel[world]'/minecraft:the_end
[31мая2026 19:25:17.389] [Server thread/INFO] [net.minecraft.server.MinecraftServer/]: Saving chunks for level 'ServerLevel[world]'/minecraft:the_nether
[31мая2026 19:25:17.410] [Server thread/INFO] [net.minecraft.server.MinecraftServer/]: ThreadedAnvilChunkStorage (world): All chunks are saved
[31мая2026 19:25:17.411] [Server thread/INFO] [net.minecraft.server.MinecraftServer/]: ThreadedAnvilChunkStorage (DIM1): All chunks are saved
[31мая2026 19:25:17.411] [Server thread/INFO] [net.minecraft.server.MinecraftServer/]: ThreadedAnvilChunkStorage (DIM-1): All chunks are saved
[31мая2026 19:25:17.411] [Server thread/INFO] [net.minecraft.server.MinecraftServer/]: ThreadedAnvilChunkStorage: All dimensions are saved
[31мая2026 19:25:17.437] [Server thread/INFO] [net.neoforged.neoforge.server.permission.PermissionAPI/]: Successfully initialized permission handler neoforge:default_handler
[31мая2026 19:25:17.439] [Server thread/INFO] [net.neoforged.neoforge.server.region.RegionizedTaskDispatcher/]: Started NeoForge region dispatcher with 8 worker thread(s)
[31мая2026 19:25:17.600] [Server thread/INFO] [net.minecraft.server.MinecraftServer/]: Stopping the server
[31мая2026 19:25:17.642] [Server thread/INFO] [net.minecraft.server.MinecraftServer/]: Stopping server
[31мая2026 19:25:17.643] [Server thread/INFO] [net.minecraft.server.MinecraftServer/]: Saving players
[31мая2026 19:25:17.643] [Server thread/INFO] [net.minecraft.server.MinecraftServer/]: Saving worlds
[31мая2026 19:25:17.643] [Server thread/INFO] [net.minecraft.server.MinecraftServer/]: Saving chunks for level 'ServerLevel[world]'/minecraft:overworld
[31мая2026 19:25:17.652] [Server thread/INFO] [net.minecraft.server.MinecraftServer/]: Saving chunks for level 'ServerLevel[world]'/minecraft:the_end
[31мая2026 19:25:17.658] [Server thread/INFO] [net.minecraft.server.MinecraftServer/]: Saving chunks for level 'ServerLevel[world]'/minecraft:the_nether
[31мая2026 19:25:17.675] [Server thread/INFO] [net.minecraft.server.MinecraftServer/]: ThreadedAnvilChunkStorage (world): All chunks are saved
[31мая2026 19:25:17.675] [Server thread/INFO] [net.minecraft.server.MinecraftServer/]: ThreadedAnvilChunkStorage (DIM1): All chunks are saved
[31мая2026 19:25:17.675] [Server thread/INFO] [net.minecraft.server.MinecraftServer/]: ThreadedAnvilChunkStorage (DIM-1): All chunks are saved
[31мая2026 19:25:17.675] [Server thread/INFO] [net.minecraft.server.MinecraftServer/]: ThreadedAnvilChunkStorage: All dimensions are saved
[31мая2026 19:25:18.026] [main/INFO] [net.neoforged.fml.loading.FMLLoader/]: Closing FML Loader 2b4e29d4
[31мая2026 19:25:18.027] [main/INFO] [net.neoforged.fml.ModLoader/]: Clearing ModLoader
