2026-05-30T07:54:39.696901200Z main WARN Advanced terminal features are not available in this environment
WARNING: A restricted method in java.lang.System has been called
WARNING: java.lang.System::load has been called by com.sun.jna.Native in an unnamed module (file:/C:/FoliaNeoForge/NeoFolia/server/libraries/net/java/dev/jna/jna/5.17.0/jna-5.17.0.jar)
WARNING: Use --enable-native-access=ALL-UNNAMED to avoid a warning for callers in this module
WARNING: Restricted methods will be blocked in a future release unless native access is enabled

WARNING: A terminally deprecated method in sun.misc.Unsafe has been called
WARNING: sun.misc.Unsafe::objectFieldOffset has been called by org.joml.MemUtil$MemUtilUnsafe (file:/C:/FoliaNeoForge/NeoFolia/server/libraries/org/joml/joml/1.10.8/joml-1.10.8.jar)
WARNING: Please consider reporting this to the maintainers of class org.joml.MemUtil$MemUtilUnsafe
WARNING: sun.misc.Unsafe::objectFieldOffset will be removed in a future release
2026-05-30T07:54:48.196727100Z Server thread ERROR An exception occurred processing Appender DebugFile
org.apache.logging.log4j.core.appender.AppenderLoggingException: java.lang.NoClassDefFoundError: Could not initialize class io.netty.channel.kqueue.Native
	at org.apache.logging.log4j.core.config.AppenderControl.tryCallAppender(AppenderControl.java:164)
	at org.apache.logging.log4j.core.config.AppenderControl.callAppender0(AppenderControl.java:133)
	at org.apache.logging.log4j.core.config.AppenderControl.callAppenderPreventRecursion(AppenderControl.java:124)
	at org.apache.logging.log4j.core.config.AppenderControl.callAppender(AppenderControl.java:88)
	at org.apache.logging.log4j.core.config.LoggerConfig.callAppenders(LoggerConfig.java:711)
	at org.apache.logging.log4j.core.config.LoggerConfig.processLogEvent(LoggerConfig.java:669)
	at org.apache.logging.log4j.core.config.LoggerConfig.log(LoggerConfig.java:645)
	at org.apache.logging.log4j.core.config.LoggerConfig.log(LoggerConfig.java:554)
	at org.apache.logging.log4j.core.config.AwaitCompletionReliabilityStrategy.log(AwaitCompletionReliabilityStrategy.java:67)
	at org.apache.logging.log4j.core.Logger.logMessage(Logger.java:173)
	at org.apache.logging.slf4j.Log4jLogger.log(Log4jLogger.java:374)
	at io.netty.util.internal.logging.LocationAwareSlf4JLogger.log(LocationAwareSlf4JLogger.java:46)
	at io.netty.util.internal.logging.LocationAwareSlf4JLogger.debug(LocationAwareSlf4JLogger.java:129)
	at io.netty.channel.kqueue.KQueue.<clinit>(KQueue.java:54)
	at TRANSFORMER/minecraft@26.1.2/net.minecraft.server.network.EventLoopGroupHolder.remote(EventLoopGroupHolder.java:59)
	at TRANSFORMER/minecraft@26.1.2/net.minecraft.server.network.ServerConnectionListener.startTcpServerListener(ServerConnectionListener.java:57)
	at TRANSFORMER/minecraft@26.1.2/net.minecraft.server.dedicated.DedicatedServer.initServer(DedicatedServer.java:261)
	at TRANSFORMER/minecraft@26.1.2/net.minecraft.server.MinecraftServer.runServer(MinecraftServer.java:737)
	at TRANSFORMER/minecraft@26.1.2/net.minecraft.server.MinecraftServer.lambda$spin$0(MinecraftServer.java:302)
	at java.base/java.lang.Thread.run(Thread.java:1474)
Caused by: java.lang.NoClassDefFoundError: Could not initialize class io.netty.channel.kqueue.Native
	at java.base/java.lang.Class.forName0(Native Method)
	at java.base/java.lang.Class.forName(Class.java:547)
	at org.apache.logging.log4j.util.LoaderUtil.loadClass(LoaderUtil.java:212)
	at org.apache.logging.log4j.core.pattern.ThrowableExtendedStackTraceRenderer.lambda$static$1(ThrowableExtendedStackTraceRenderer.java:196)
	at org.apache.logging.log4j.core.pattern.ThrowableExtendedStackTraceRenderer$ExtendedContext.loadClass(ThrowableExtendedStackTraceRenderer.java:180)
	at org.apache.logging.log4j.core.pattern.ThrowableExtendedStackTraceRenderer$ExtendedContext.createClassResourceInfoByName(ThrowableExtendedStackTraceRenderer.java:166)
	at org.apache.logging.log4j.core.pattern.ThrowableExtendedStackTraceRenderer$ExtendedContext.ofThrowable(ThrowableExtendedStackTraceRenderer.java:96)
	at org.apache.logging.log4j.core.pattern.ThrowableExtendedStackTraceRenderer$ExtendedContext.access$000(ThrowableExtendedStackTraceRenderer.java:81)
	at org.apache.logging.log4j.core.pattern.ThrowableExtendedStackTraceRenderer.createContext(ThrowableExtendedStackTraceRenderer.java:43)
	at org.apache.logging.log4j.core.pattern.ThrowableExtendedStackTraceRenderer.createContext(ThrowableExtendedStackTraceRenderer.java:34)
	at org.apache.logging.log4j.core.pattern.ThrowableStackTraceRenderer.renderThrowable(ThrowableStackTraceRenderer.java:55)
	at org.apache.logging.log4j.core.pattern.ThrowablePatternConverter.format(ThrowablePatternConverter.java:130)
	at org.apache.logging.log4j.core.layout.PatternLayout$NoFormatPatternSerializer.toSerializable(PatternLayout.java:354)
	at org.apache.logging.log4j.core.layout.PatternLayout.toText(PatternLayout.java:251)
	at org.apache.logging.log4j.core.layout.PatternLayout.encode(PatternLayout.java:237)
	at org.apache.logging.log4j.core.layout.PatternLayout.encode(PatternLayout.java:57)
	at org.apache.logging.log4j.core.appender.AbstractOutputStreamAppender.directEncodeEvent(AbstractOutputStreamAppender.java:227)
	at org.apache.logging.log4j.core.appender.AbstractOutputStreamAppender.tryAppend(AbstractOutputStreamAppender.java:220)
	at org.apache.logging.log4j.core.appender.AbstractOutputStreamAppender.append(AbstractOutputStreamAppender.java:211)
	at org.apache.logging.log4j.core.appender.RollingRandomAccessFileAppender.append(RollingRandomAccessFileAppender.java:275)
	at org.apache.logging.log4j.core.config.AppenderControl.tryCallAppender(AppenderControl.java:160)
	... 19 more
Caused by: java.lang.ExceptionInInitializerError: Exception java.lang.IllegalStateException: Only supported on OSX/BSD [in thread "Server thread"]
	at io.netty.channel.kqueue.Native.loadNativeLibrary(Native.java:159)
	at io.netty.channel.kqueue.Native.<clinit>(Native.java:76)
	at io.netty.channel.kqueue.KQueue.<clinit>(KQueue.java:38)
	... 6 more

2026-05-30T07:54:48.205728Z Server thread ERROR An exception occurred processing Appender DebugFile
org.apache.logging.log4j.core.appender.AppenderLoggingException: java.lang.NoClassDefFoundError: Could not initialize class io.netty.channel.epoll.Native
	at org.apache.logging.log4j.core.config.AppenderControl.tryCallAppender(AppenderControl.java:164)
	at org.apache.logging.log4j.core.config.AppenderControl.callAppender0(AppenderControl.java:133)
	at org.apache.logging.log4j.core.config.AppenderControl.callAppenderPreventRecursion(AppenderControl.java:124)
	at org.apache.logging.log4j.core.config.AppenderControl.callAppender(AppenderControl.java:88)
	at org.apache.logging.log4j.core.config.LoggerConfig.callAppenders(LoggerConfig.java:711)
	at org.apache.logging.log4j.core.config.LoggerConfig.processLogEvent(LoggerConfig.java:669)
	at org.apache.logging.log4j.core.config.LoggerConfig.log(LoggerConfig.java:645)
	at org.apache.logging.log4j.core.config.LoggerConfig.log(LoggerConfig.java:554)
	at org.apache.logging.log4j.core.config.AwaitCompletionReliabilityStrategy.log(AwaitCompletionReliabilityStrategy.java:67)
	at org.apache.logging.log4j.core.Logger.logMessage(Logger.java:173)
	at org.apache.logging.slf4j.Log4jLogger.log(Log4jLogger.java:374)
	at io.netty.util.internal.logging.LocationAwareSlf4JLogger.log(LocationAwareSlf4JLogger.java:46)
	at io.netty.util.internal.logging.LocationAwareSlf4JLogger.debug(LocationAwareSlf4JLogger.java:129)
	at io.netty.channel.epoll.Epoll.<clinit>(Epoll.java:66)
	at TRANSFORMER/minecraft@26.1.2/net.minecraft.server.network.EventLoopGroupHolder.remote(EventLoopGroupHolder.java:63)
	at TRANSFORMER/minecraft@26.1.2/net.minecraft.server.network.ServerConnectionListener.startTcpServerListener(ServerConnectionListener.java:57)
	at TRANSFORMER/minecraft@26.1.2/net.minecraft.server.dedicated.DedicatedServer.initServer(DedicatedServer.java:261)
	at TRANSFORMER/minecraft@26.1.2/net.minecraft.server.MinecraftServer.runServer(MinecraftServer.java:737)
	at TRANSFORMER/minecraft@26.1.2/net.minecraft.server.MinecraftServer.lambda$spin$0(MinecraftServer.java:302)
	at java.base/java.lang.Thread.run(Thread.java:1474)
Caused by: java.lang.NoClassDefFoundError: Could not initialize class io.netty.channel.epoll.Native
	at java.base/java.lang.Class.forName0(Native Method)
	at java.base/java.lang.Class.forName(Class.java:547)
	at org.apache.logging.log4j.util.LoaderUtil.loadClass(LoaderUtil.java:212)
	at org.apache.logging.log4j.core.pattern.ThrowableExtendedStackTraceRenderer.lambda$static$1(ThrowableExtendedStackTraceRenderer.java:196)
	at org.apache.logging.log4j.core.pattern.ThrowableExtendedStackTraceRenderer$ExtendedContext.loadClass(ThrowableExtendedStackTraceRenderer.java:180)
	at org.apache.logging.log4j.core.pattern.ThrowableExtendedStackTraceRenderer$ExtendedContext.createClassResourceInfoByName(ThrowableExtendedStackTraceRenderer.java:166)
	at org.apache.logging.log4j.core.pattern.ThrowableExtendedStackTraceRenderer$ExtendedContext.ofThrowable(ThrowableExtendedStackTraceRenderer.java:96)
	at org.apache.logging.log4j.core.pattern.ThrowableExtendedStackTraceRenderer$ExtendedContext.access$000(ThrowableExtendedStackTraceRenderer.java:81)
	at org.apache.logging.log4j.core.pattern.ThrowableExtendedStackTraceRenderer.createContext(ThrowableExtendedStackTraceRenderer.java:43)
	at org.apache.logging.log4j.core.pattern.ThrowableExtendedStackTraceRenderer.createContext(ThrowableExtendedStackTraceRenderer.java:34)
	at org.apache.logging.log4j.core.pattern.ThrowableStackTraceRenderer.renderThrowable(ThrowableStackTraceRenderer.java:55)
	at org.apache.logging.log4j.core.pattern.ThrowablePatternConverter.format(ThrowablePatternConverter.java:130)
	at org.apache.logging.log4j.core.layout.PatternLayout$NoFormatPatternSerializer.toSerializable(PatternLayout.java:354)
	at org.apache.logging.log4j.core.layout.PatternLayout.toText(PatternLayout.java:251)
	at org.apache.logging.log4j.core.layout.PatternLayout.encode(PatternLayout.java:237)
	at org.apache.logging.log4j.core.layout.PatternLayout.encode(PatternLayout.java:57)
	at org.apache.logging.log4j.core.appender.AbstractOutputStreamAppender.directEncodeEvent(AbstractOutputStreamAppender.java:227)
	at org.apache.logging.log4j.core.appender.AbstractOutputStreamAppender.tryAppend(AbstractOutputStreamAppender.java:220)
	at org.apache.logging.log4j.core.appender.AbstractOutputStreamAppender.append(AbstractOutputStreamAppender.java:211)
	at org.apache.logging.log4j.core.appender.RollingRandomAccessFileAppender.append(RollingRandomAccessFileAppender.java:275)
	at org.apache.logging.log4j.core.config.AppenderControl.tryCallAppender(AppenderControl.java:160)
	... 19 more
Caused by: java.lang.ExceptionInInitializerError: Exception java.lang.IllegalStateException: Only supported on Linux [in thread "Server thread"]
	at io.netty.channel.epoll.Native.loadNativeLibrary(Native.java:328)
	at io.netty.channel.epoll.Native.<clinit>(Native.java:96)
	at io.netty.channel.epoll.Epoll.<clinit>(Epoll.java:42)
	... 6 more

