JVM info: Eclipse Adoptium - 25.0.2 - 25.0.2+10-LTS
java.net.preferIPv4Stack=true
Current Time: 31/05/2026 10:46:19
Host: maven.neoforged.net [185.93.2.8, 79.127.178.56, 185.93.2.11, 79.127.178.168, 79.127.178.162, 79.127.178.54]
Host: libraries.minecraft.net [150.171.110.117]
Host: launchermeta.mojang.com [150.171.110.117]
Host: piston-meta.mojang.com [150.171.110.117]
Host: sessionserver.mojang.com [150.171.110.117]
Found java version 25.0.2
Target Directory: C:\FoliaNeoForge\NeoFolia\projects\neoforge\build\production-server
Following redirect: https://neoforged.net/mirrorlist.json
Considering Minecraft server jar
Downloading libraries
Found 1 additional library directories
Considering library net.neoforged.fancymodloader:earlydisplay:11.0.13
File C:\FoliaNeoForge\NeoFolia\projects\neoforge\build\production-server\libraries\net\neoforged\fancymodloader\earlydisplay\11.0.13\earlydisplay-11.0.13.jar exists. Checksum valid.
Considering library net.neoforged.fancymodloader:loader:11.0.13
File C:\FoliaNeoForge\NeoFolia\projects\neoforge\build\production-server\libraries\net\neoforged\fancymodloader\loader\11.0.13\loader-11.0.13.jar exists. Checksum valid.
Considering library net.neoforged:accesstransformers:11.0.2
File C:\FoliaNeoForge\NeoFolia\projects\neoforge\build\production-server\libraries\net\neoforged\accesstransformers\11.0.2\accesstransformers-11.0.2.jar exists. Checksum valid.
Considering library org.ow2.asm:asm-commons:9.9.1
File C:\FoliaNeoForge\NeoFolia\projects\neoforge\build\production-server\libraries\org\ow2\asm\asm-commons\9.9.1\asm-commons-9.9.1.jar exists. Checksum valid.
Considering library net.neoforged:mergetool:2.0.7:api
File C:\FoliaNeoForge\NeoFolia\projects\neoforge\build\production-server\libraries\net\neoforged\mergetool\2.0.7\mergetool-2.0.7-api.jar exists. Checksum valid.
Considering library org.ow2.asm:asm-util:9.9.1
File C:\FoliaNeoForge\NeoFolia\projects\neoforge\build\production-server\libraries\org\ow2\asm\asm-util\9.9.1\asm-util-9.9.1.jar exists. Checksum valid.
Considering library org.ow2.asm:asm-analysis:9.9.1
File C:\FoliaNeoForge\NeoFolia\projects\neoforge\build\production-server\libraries\org\ow2\asm\asm-analysis\9.9.1\asm-analysis-9.9.1.jar exists. Checksum valid.
Considering library org.ow2.asm:asm-tree:9.9.1
File C:\FoliaNeoForge\NeoFolia\projects\neoforge\build\production-server\libraries\org\ow2\asm\asm-tree\9.9.1\asm-tree-9.9.1.jar exists. Checksum valid.
Considering library net.neoforged:bus:8.0.5
File C:\FoliaNeoForge\NeoFolia\projects\neoforge\build\production-server\libraries\net\neoforged\bus\8.0.5\bus-8.0.5.jar exists. Checksum valid.
Considering library org.ow2.asm:asm:9.9.1
File C:\FoliaNeoForge\NeoFolia\projects\neoforge\build\production-server\libraries\org\ow2\asm\asm\9.9.1\asm-9.9.1.jar exists. Checksum valid.
Considering library com.electronwill.night-config:toml:3.8.3
File C:\FoliaNeoForge\NeoFolia\projects\neoforge\build\production-server\libraries\com\electronwill\night-config\toml\3.8.3\toml-3.8.3.jar exists. Checksum valid.
Considering library com.electronwill.night-config:core:3.8.3
File C:\FoliaNeoForge\NeoFolia\projects\neoforge\build\production-server\libraries\com\electronwill\night-config\core\3.8.3\core-3.8.3.jar exists. Checksum valid.
Considering library net.neoforged:JarJarSelector:0.5.0
File C:\FoliaNeoForge\NeoFolia\projects\neoforge\build\production-server\libraries\net\neoforged\JarJarSelector\0.5.0\JarJarSelector-0.5.0.jar exists. Checksum valid.
Considering library net.neoforged:JarJarMetadata:0.5.0
File C:\FoliaNeoForge\NeoFolia\projects\neoforge\build\production-server\libraries\net\neoforged\JarJarMetadata\0.5.0\JarJarMetadata-0.5.0.jar exists. Checksum valid.
Considering library org.apache.maven:maven-artifact:3.9.9
File C:\FoliaNeoForge\NeoFolia\projects\neoforge\build\production-server\libraries\org\apache\maven\maven-artifact\3.9.9\maven-artifact-3.9.9.jar exists. Checksum valid.
Considering library net.jodah:typetools:0.6.3
File C:\FoliaNeoForge\NeoFolia\projects\neoforge\build\production-server\libraries\net\jodah\typetools\0.6.3\typetools-0.6.3.jar exists. Checksum valid.
Considering library net.minecrell:terminalconsoleappender:1.3.0
File C:\FoliaNeoForge\NeoFolia\projects\neoforge\build\production-server\libraries\net\minecrell\terminalconsoleappender\1.3.0\terminalconsoleappender-1.3.0.jar exists. Checksum valid.
Considering library net.fabricmc:sponge-mixin:0.17.3+mixin.0.8.7
File C:\FoliaNeoForge\NeoFolia\projects\neoforge\build\production-server\libraries\net\fabricmc\sponge-mixin\0.17.3+mixin.0.8.7\sponge-mixin-0.17.3+mixin.0.8.7.jar exists. Checksum valid.
Considering library net.neoforged.accesstransformers:at-parser:11.0.2
File C:\FoliaNeoForge\NeoFolia\projects\neoforge\build\production-server\libraries\net\neoforged\accesstransformers\at-parser\11.0.2\at-parser-11.0.2.jar exists. Checksum valid.
Considering library org.jline:jline-reader:3.20.0
File C:\FoliaNeoForge\NeoFolia\projects\neoforge\build\production-server\libraries\org\jline\jline-reader\3.20.0\jline-reader-3.20.0.jar exists. Checksum valid.
Considering library org.jline:jline-terminal:3.20.0
File C:\FoliaNeoForge\NeoFolia\projects\neoforge\build\production-server\libraries\org\jline\jline-terminal\3.20.0\jline-terminal-3.20.0.jar exists. Checksum valid.
Considering library net.neoforged:srgutils:1.0.10
File C:\FoliaNeoForge\NeoFolia\projects\neoforge\build\production-server\libraries\net\neoforged\srgutils\1.0.10\srgutils-1.0.10.jar exists. Checksum valid.
Considering library com.google.guava:listenablefuture:9999.0-empty-to-avoid-conflict-with-guava
File C:\FoliaNeoForge\NeoFolia\projects\neoforge\build\production-server\libraries\com\google\guava\listenablefuture\9999.0-empty-to-avoid-conflict-with-guava\listenablefuture-9999.0-empty-to-avoid-conflict-with-guava.jar exists. Checksum valid.
Considering library com.google.errorprone:error_prone_annotations:2.41.0
File C:\FoliaNeoForge\NeoFolia\projects\neoforge\build\production-server\libraries\com\google\errorprone\error_prone_annotations\2.41.0\error_prone_annotations-2.41.0.jar exists. Checksum valid.
Considering library com.google.j2objc:j2objc-annotations:3.1
File C:\FoliaNeoForge\NeoFolia\projects\neoforge\build\production-server\libraries\com\google\j2objc\j2objc-annotations\3.1\j2objc-annotations-3.1.jar exists. Checksum valid.
Considering library org.codehaus.plexus:plexus-utils:3.5.1
File C:\FoliaNeoForge\NeoFolia\projects\neoforge\build\production-server\libraries\org\codehaus\plexus\plexus-utils\3.5.1\plexus-utils-3.5.1.jar exists. Checksum valid.
Considering library net.neoforged.fancymodloader:earlydisplay:11.0.13
File C:\FoliaNeoForge\NeoFolia\projects\neoforge\build\production-server\libraries\net\neoforged\fancymodloader\earlydisplay\11.0.13\earlydisplay-11.0.13.jar exists. Checksum valid.
Considering library net.neoforged.fancymodloader:loader:11.0.13
File C:\FoliaNeoForge\NeoFolia\projects\neoforge\build\production-server\libraries\net\neoforged\fancymodloader\loader\11.0.13\loader-11.0.13.jar exists. Checksum valid.
Considering library net.neoforged:accesstransformers:11.0.2
File C:\FoliaNeoForge\NeoFolia\projects\neoforge\build\production-server\libraries\net\neoforged\accesstransformers\11.0.2\accesstransformers-11.0.2.jar exists. Checksum valid.
Considering library org.ow2.asm:asm-commons:9.9.1
File C:\FoliaNeoForge\NeoFolia\projects\neoforge\build\production-server\libraries\org\ow2\asm\asm-commons\9.9.1\asm-commons-9.9.1.jar exists. Checksum valid.
Considering library net.neoforged:mergetool:2.0.7:api
File C:\FoliaNeoForge\NeoFolia\projects\neoforge\build\production-server\libraries\net\neoforged\mergetool\2.0.7\mergetool-2.0.7-api.jar exists. Checksum valid.
Considering library org.ow2.asm:asm-util:9.9.1
File C:\FoliaNeoForge\NeoFolia\projects\neoforge\build\production-server\libraries\org\ow2\asm\asm-util\9.9.1\asm-util-9.9.1.jar exists. Checksum valid.
Considering library org.ow2.asm:asm-analysis:9.9.1
File C:\FoliaNeoForge\NeoFolia\projects\neoforge\build\production-server\libraries\org\ow2\asm\asm-analysis\9.9.1\asm-analysis-9.9.1.jar exists. Checksum valid.
Considering library org.ow2.asm:asm-tree:9.9.1
File C:\FoliaNeoForge\NeoFolia\projects\neoforge\build\production-server\libraries\org\ow2\asm\asm-tree\9.9.1\asm-tree-9.9.1.jar exists. Checksum valid.
Considering library net.neoforged:bus:8.0.5
File C:\FoliaNeoForge\NeoFolia\projects\neoforge\build\production-server\libraries\net\neoforged\bus\8.0.5\bus-8.0.5.jar exists. Checksum valid.
Considering library org.ow2.asm:asm:9.9.1
File C:\FoliaNeoForge\NeoFolia\projects\neoforge\build\production-server\libraries\org\ow2\asm\asm\9.9.1\asm-9.9.1.jar exists. Checksum valid.
Considering library com.electronwill.night-config:toml:3.8.3
File C:\FoliaNeoForge\NeoFolia\projects\neoforge\build\production-server\libraries\com\electronwill\night-config\toml\3.8.3\toml-3.8.3.jar exists. Checksum valid.
Considering library com.electronwill.night-config:core:3.8.3
File C:\FoliaNeoForge\NeoFolia\projects\neoforge\build\production-server\libraries\com\electronwill\night-config\core\3.8.3\core-3.8.3.jar exists. Checksum valid.
Considering library net.neoforged:JarJarSelector:0.5.0
File C:\FoliaNeoForge\NeoFolia\projects\neoforge\build\production-server\libraries\net\neoforged\JarJarSelector\0.5.0\JarJarSelector-0.5.0.jar exists. Checksum valid.
Considering library net.neoforged:JarJarMetadata:0.5.0
File C:\FoliaNeoForge\NeoFolia\projects\neoforge\build\production-server\libraries\net\neoforged\JarJarMetadata\0.5.0\JarJarMetadata-0.5.0.jar exists. Checksum valid.
Considering library org.apache.maven:maven-artifact:3.9.9
File C:\FoliaNeoForge\NeoFolia\projects\neoforge\build\production-server\libraries\org\apache\maven\maven-artifact\3.9.9\maven-artifact-3.9.9.jar exists. Checksum valid.
Considering library net.jodah:typetools:0.6.3
File C:\FoliaNeoForge\NeoFolia\projects\neoforge\build\production-server\libraries\net\jodah\typetools\0.6.3\typetools-0.6.3.jar exists. Checksum valid.
Considering library net.minecrell:terminalconsoleappender:1.3.0
File C:\FoliaNeoForge\NeoFolia\projects\neoforge\build\production-server\libraries\net\minecrell\terminalconsoleappender\1.3.0\terminalconsoleappender-1.3.0.jar exists. Checksum valid.
Considering library net.fabricmc:sponge-mixin:0.17.3+mixin.0.8.7
File C:\FoliaNeoForge\NeoFolia\projects\neoforge\build\production-server\libraries\net\fabricmc\sponge-mixin\0.17.3+mixin.0.8.7\sponge-mixin-0.17.3+mixin.0.8.7.jar exists. Checksum valid.
Considering library net.neoforged.accesstransformers:at-parser:11.0.2
File C:\FoliaNeoForge\NeoFolia\projects\neoforge\build\production-server\libraries\net\neoforged\accesstransformers\at-parser\11.0.2\at-parser-11.0.2.jar exists. Checksum valid.
Considering library org.jline:jline-reader:3.20.0
File C:\FoliaNeoForge\NeoFolia\projects\neoforge\build\production-server\libraries\org\jline\jline-reader\3.20.0\jline-reader-3.20.0.jar exists. Checksum valid.
Considering library org.jline:jline-terminal:3.20.0
File C:\FoliaNeoForge\NeoFolia\projects\neoforge\build\production-server\libraries\org\jline\jline-terminal\3.20.0\jline-terminal-3.20.0.jar exists. Checksum valid.
Considering library org.lwjgl:lwjgl-tinyfd:3.4.1
File C:\FoliaNeoForge\NeoFolia\projects\neoforge\build\production-server\libraries\org\lwjgl\lwjgl-tinyfd\3.4.1\lwjgl-tinyfd-3.4.1.jar exists. Checksum valid.
Considering library org.lwjgl:lwjgl:3.4.1
File C:\FoliaNeoForge\NeoFolia\projects\neoforge\build\production-server\libraries\org\lwjgl\lwjgl\3.4.1\lwjgl-3.4.1.jar exists. Checksum valid.
Considering library net.neoforged:srgutils:1.0.10
File C:\FoliaNeoForge\NeoFolia\projects\neoforge\build\production-server\libraries\net\neoforged\srgutils\1.0.10\srgutils-1.0.10.jar exists. Checksum valid.
Considering library com.google.guava:listenablefuture:9999.0-empty-to-avoid-conflict-with-guava
File C:\FoliaNeoForge\NeoFolia\projects\neoforge\build\production-server\libraries\com\google\guava\listenablefuture\9999.0-empty-to-avoid-conflict-with-guava\listenablefuture-9999.0-empty-to-avoid-conflict-with-guava.jar exists. Checksum valid.
Considering library com.google.errorprone:error_prone_annotations:2.41.0
File C:\FoliaNeoForge\NeoFolia\projects\neoforge\build\production-server\libraries\com\google\errorprone\error_prone_annotations\2.41.0\error_prone_annotations-2.41.0.jar exists. Checksum valid.
Considering library com.google.j2objc:j2objc-annotations:3.1
File C:\FoliaNeoForge\NeoFolia\projects\neoforge\build\production-server\libraries\com\google\j2objc\j2objc-annotations\3.1\j2objc-annotations-3.1.jar exists. Checksum valid.
Considering library org.codehaus.plexus:plexus-utils:3.5.1
File C:\FoliaNeoForge\NeoFolia\projects\neoforge\build\production-server\libraries\org\codehaus\plexus\plexus-utils\3.5.1\plexus-utils-3.5.1.jar exists. Checksum valid.
Considering library net.neoforged.installertools:installertools:4.0.12:fatjar
File C:\FoliaNeoForge\NeoFolia\projects\neoforge\build\production-server\libraries\net\neoforged\installertools\installertools\4.0.12\installertools-4.0.12-fatjar.jar exists. Checksum valid.
Considering library net.neoforged:neoforge:26.1.2.67-neofolia:universal
File C:\FoliaNeoForge\NeoFolia\projects\neoforge\build\production-server\libraries\net\neoforged\neoforge\26.1.2.67-neofolia\neoforge-26.1.2.67-neofolia-universal.jar exists. Invalid checksum, deleting file.
Downloaded file locally from jar:/maven/net/neoforged/neoforge/26.1.2.67-neofolia/neoforge-26.1.2.67-neofolia-universal.jar, valid checksum.
Created Temporary Directory: C:\Users\MrJorman\AppData\Local\Temp\neoforge_installer10166470003719195230
  Extracting: /data/client.lzma
Building Processors
===============================================================================
Processor: net.neoforged.installertools:installertools -> EXTRACT_FILES
  MainClass: net.neoforged.installertools.ConsoleTool
  Classpath:
    C:\FoliaNeoForge\NeoFolia\projects\neoforge\build\production-server\libraries\net\neoforged\installertools\installertools\4.0.12\installertools-4.0.12-fatjar.jar
    C:\FoliaNeoForge\NeoFolia\projects\neoforge\build\production-server\libraries\net\neoforged\installertools\installertools\4.0.12\installertools-4.0.12-fatjar.jar
  Args: --task, EXTRACT_FILES, --archive, C:\FoliaNeoForge\NeoFolia\projects\neoforge\build\libs\neoforge-26.1.2.67-neofolia-installer.jar, --from, data/run.sh, --to, C:\FoliaNeoForge\NeoFolia\projects\neoforge\build\production-server/run.sh, --exec, C:\FoliaNeoForge\NeoFolia\projects\neoforge\build\production-server/run.sh, --from, data/run.bat, --to, C:\FoliaNeoForge\NeoFolia\projects\neoforge\build\production-server/run.bat, --from, data/user_jvm_args.txt, --to, C:\FoliaNeoForge\NeoFolia\projects\neoforge\build\production-server/user_jvm_args.txt, --optional, C:\FoliaNeoForge\NeoFolia\projects\neoforge\build\production-server/user_jvm_args.txt, --from, data/win_args.txt, --to, C:\FoliaNeoForge\NeoFolia\projects\neoforge\build\production-server/libraries/net/neoforged/neoforge/26.1.2.67-neofolia/win_args.txt, --from, data/unix_args.txt, --to, C:\FoliaNeoForge\NeoFolia\projects\neoforge\build\production-server/libraries/net/neoforged/neoforge/26.1.2.67-neofolia/unix_args.txt
Task: EXTRACT_FILES
Archive: C:\FoliaNeoForge\NeoFolia\projects\neoforge\build\libs\neoforge-26.1.2.67-neofolia-installer.jar
Extract: data/run.sh
         C:\FoliaNeoForge\NeoFolia\projects\neoforge\build\production-server\run.sh
Extract: data/run.bat
         C:\FoliaNeoForge\NeoFolia\projects\neoforge\build\production-server\run.bat
Extract: data/user_jvm_args.txt
         C:\FoliaNeoForge\NeoFolia\projects\neoforge\build\production-server\user_jvm_args.txt
Extract: data/win_args.txt
         C:\FoliaNeoForge\NeoFolia\projects\neoforge\build\production-server\libraries\net\neoforged\neoforge\26.1.2.67-neofolia\win_args.txt
Extract: data/unix_args.txt
         C:\FoliaNeoForge\NeoFolia\projects\neoforge\build\production-server\libraries\net\neoforged\neoforge\26.1.2.67-neofolia\unix_args.txt
Exec:    C:\FoliaNeoForge\NeoFolia\projects\neoforge\build\production-server\run.sh
===============================================================================
Processor: net.neoforged.installertools:installertools -> PROCESS_MINECRAFT_JAR
  MainClass: net.neoforged.installertools.ConsoleTool
  Classpath:
    C:\FoliaNeoForge\NeoFolia\projects\neoforge\build\production-server\libraries\net\neoforged\installertools\installertools\4.0.12\installertools-4.0.12-fatjar.jar
    C:\FoliaNeoForge\NeoFolia\projects\neoforge\build\production-server\libraries\net\neoforged\installertools\installertools\4.0.12\installertools-4.0.12-fatjar.jar
  Args: --task, PROCESS_MINECRAFT_JAR, --no-mod-manifest, --input, C:\FoliaNeoForge\NeoFolia\projects\neoforge\build\production-server\libraries\net\minecraft\server\26.1.2\server-26.1.2.jar, --output, C:\FoliaNeoForge\NeoFolia\projects\neoforge\build\production-server\libraries\net\neoforged\minecraft-server-patched\26.1.2.67-neofolia\minecraft-server-patched-26.1.2.67-neofolia.jar, --extract-libraries-to, C:\FoliaNeoForge\NeoFolia\projects\neoforge\build\production-server/libraries/, --apply-patches, C:\Users\MrJorman\AppData\Local\Temp\neoforge_installer10166470003719195230\data\client.lzma
Task: PROCESS_MINECRAFT_JAR
load patch bundle [384ms]
load input zip [637ms]
applying patches [157ms]
write output file [1109ms]
overall work [1911ms]
Downloading library from https://github.com/NeoForged/serverstarterjar/releases/latest/download/server.jar
Following redirect: https://github.com/NeoForged/serverstarterjar/releases/download/0.1.34/server.jar
Following redirect: https://release-assets.githubusercontent.com/github-production-release-asset/822299124/fbb691f7-57c1-4ec4-badd-db35a217183c?sp=r&sv=2018-11-09&sr=b&spr=https&se=2026-05-31T08%3A43%3A19Z&rscd=attachment%3B+filename%3Dserver.jar&rsct=application%2Foctet-stream&skoid=96c2d410-5711-43a1-aedd-ab1947aa7ab0&sktid=398a6654-997b-47e9-b12b-9515b896b4de&skt=2026-05-31T07%3A43%3A04Z&ske=2026-05-31T08%3A43%3A19Z&sks=b&skv=2018-11-09&sig=ejmXar32cqHxujVDsz8fdMIjl6ebQlcyI1cwBEgVK40%3D&jwt=eyJ0eXAiOiJKV1QiLCJhbGciOiJIUzI1NiJ9.eyJpc3MiOiJnaXRodWIuY29tIiwiYXVkIjoicmVsZWFzZS1hc3NldHMuZ2l0aHVidXNlcmNvbnRlbnQuY29tIiwia2V5Ijoia2V5MSIsImV4cCI6MTc4MDIxMzg4MCwibmJmIjoxNzgwMjEzNTgwLCJwYXRoIjoicmVsZWFzZWFzc2V0cHJvZHVjdGlvbi5ibG9iLmNvcmUud2luZG93cy5uZXQifQ.Gjtnfs_JaZvAVOx7uT3Jrp32bMhSm80i2A6rebeXb0k&response-content-disposition=attachment%3B%20filename%3Dserver.jar&response-content-type=application%2Foctet-stream
	Download completed: No checksum, Assuming valid.
The server installed successfully
You can delete this installer file now if you wish
